<?xml version="1.0" encoding="UTF-8"?>
<coverage generated="1652713322552" clover="3.2.0">
  <project timestamp="1652713322552" name="All files">
    <metrics statements="41" coveredstatements="41" conditionals="47" coveredconditionals="44" methods="6" coveredmethods="6" elements="94" coveredelements="91" complexity="0" loc="41" ncloc="41" packages="5" files="5" classes="5"/>
    <package name="LuyenTap">
      <metrics statements="7" coveredstatements="7" conditionals="3" coveredconditionals="3" methods="1" coveredmethods="1"/>
      <file name="main.ts" path="C:\Users\Admin\Desktop\type6\src\LuyenTap\main.ts">
        <metrics statements="7" coveredstatements="7" conditionals="3" coveredconditionals="3" methods="1" coveredmethods="1"/>
        <line num="1" count="1" type="stmt"/>
        <line num="2" count="8" type="cond" truecount="1" falsecount="0"/>
        <line num="3" count="2" type="stmt"/>
        <line num="5" count="6" type="cond" truecount="1" falsecount="0"/>
        <line num="6" count="3" type="stmt"/>
        <line num="7" count="3" type="cond" truecount="1" falsecount="0"/>
        <line num="8" count="3" type="stmt"/>
      </file>
    </package>
    <package name="LuyenTap2.test_src">
      <metrics statements="11" coveredstatements="11" conditionals="37" coveredconditionals="34" methods="1" coveredmethods="1"/>
      <file name="index.ts" path="C:\Users\Admin\Desktop\type6\src\LuyenTap2\test_src\index.ts">
        <metrics statements="11" coveredstatements="11" conditionals="37" coveredconditionals="34" methods="1" coveredmethods="1"/>
        <line num="3" count="1" type="stmt"/>
        <line num="4" count="5" type="stmt"/>
        <line num="5" count="5" type="cond" truecount="5" falsecount="0"/>
        <line num="6" count="4" type="stmt"/>
        <line num="8" count="5" type="cond" truecount="5" falsecount="0"/>
        <line num="9" count="3" type="stmt"/>
        <line num="11" count="5" type="cond" truecount="10" falsecount="1"/>
        <line num="12" count="2" type="stmt"/>
        <line num="14" count="5" type="cond" truecount="14" falsecount="2"/>
        <line num="15" count="1" type="stmt"/>
        <line num="17" count="5" type="stmt"/>
      </file>
    </package>
    <package name="LuyenTap3.index2">
      <metrics statements="14" coveredstatements="14" conditionals="4" coveredconditionals="4" methods="2" coveredmethods="2"/>
      <file name="index2.js" path="C:\Users\Admin\Desktop\type6\src\LuyenTap3\index2\index2.js">
        <metrics statements="14" coveredstatements="14" conditionals="4" coveredconditionals="4" methods="2" coveredmethods="2"/>
        <line num="2" count="2" type="stmt"/>
        <line num="3" count="2" type="stmt"/>
        <line num="4" count="2" type="stmt"/>
        <line num="5" count="6" type="stmt"/>
        <line num="6" count="6" type="stmt"/>
        <line num="7" count="84" type="stmt"/>
        <line num="8" count="84" type="stmt"/>
        <line num="9" count="630" type="cond" truecount="2" falsecount="0"/>
        <line num="10" count="84" type="stmt"/>
        <line num="13" count="84" type="cond" truecount="2" falsecount="0"/>
        <line num="14" count="20" type="stmt"/>
        <line num="18" count="20" type="stmt"/>
        <line num="21" count="6" type="stmt"/>
        <line num="23" count="2" type="stmt"/>
      </file>
    </package>
    <package name="LuyenTap4.fi">
      <metrics statements="7" coveredstatements="7" conditionals="3" coveredconditionals="3" methods="1" coveredmethods="1"/>
      <file name="fi.ts" path="C:\Users\Admin\Desktop\type6\src\LuyenTap4\fi\fi.ts">
        <metrics statements="7" coveredstatements="7" conditionals="3" coveredconditionals="3" methods="1" coveredmethods="1"/>
        <line num="1" count="1" type="stmt"/>
        <line num="2" count="8" type="cond" truecount="1" falsecount="0"/>
        <line num="3" count="2" type="stmt"/>
        <line num="5" count="6" type="cond" truecount="1" falsecount="0"/>
        <line num="6" count="3" type="stmt"/>
        <line num="7" count="3" type="cond" truecount="1" falsecount="0"/>
        <line num="8" count="3" type="stmt"/>
      </file>
    </package>
    <package name="type5.test">
      <metrics statements="2" coveredstatements="2" conditionals="0" coveredconditionals="0" methods="1" coveredmethods="1"/>
      <file name="index.ts" path="C:\Users\Admin\Desktop\type6\src\type5\test\index.ts">
        <metrics statements="2" coveredstatements="2" conditionals="0" coveredconditionals="0" methods="1" coveredmethods="1"/>
        <line num="1" count="1" type="stmt"/>
        <line num="2" count="2" type="stmt"/>
      </file>
    </package>
  </project>
</coverage>
