{"C:\\Users\\Admin\\Desktop\\type6\\src\\LuyenTap\\main.ts": {"path":"C:\\Users\\Admin\\Desktop\\type6\\src\\LuyenTap\\main.ts","statementMap":{"0":{"start":{"line":1,"column":15},"end":{"line":10,"column":1}},"1":{"start":{"line":2,"column":4},"end":{"line":4,"column":null}},"2":{"start":{"line":3,"column":8},"end":{"line":3,"column":27}},"3":{"start":{"line":5,"column":4},"end":{"line":6,"column":26}},"4":{"start":{"line":6,"column":8},"end":{"line":6,"column":26}},"5":{"start":{"line":7,"column":4},"end":{"line":9,"column":null}},"6":{"start":{"line":8,"column":8},"end":{"line":8,"column":null}},"7":{"start":{"line":1,"column":11},"end":{"line":1,"column":15}}},"fnMap":{"0":{"name":"(anonymous_0)","decl":{"start":{"line":1,"column":15},"end":{"line":1,"column":16}},"loc":{"start":{"line":1,"column":37},"end":{"line":10,"column":1}}}},"branchMap":{"0":{"loc":{"start":{"line":2,"column":4},"end":{"line":4,"column":null}},"type":"if","locations":[{"start":{"line":2,"column":4},"end":{"line":4,"column":null}}]},"1":{"loc":{"start":{"line":5,"column":4},"end":{"line":6,"column":26}},"type":"if","locations":[{"start":{"line":5,"column":4},"end":{"line":6,"column":26}}]},"2":{"loc":{"start":{"line":7,"column":4},"end":{"line":9,"column":null}},"type":"if","locations":[{"start":{"line":7,"column":4},"end":{"line":9,"column":null}}]}},"s":{"0":1,"1":8,"2":2,"3":6,"4":3,"5":3,"6":3,"7":1},"f":{"0":8},"b":{"0":[2],"1":[3],"2":[3]}}
,"C:\\Users\\Admin\\Desktop\\type6\\src\\LuyenTap2\\test_src\\index.ts": {"path":"C:\\Users\\Admin\\Desktop\\type6\\src\\LuyenTap2\\test_src\\index.ts","statementMap":{"0":{"start":{"line":3,"column":25},"end":{"line":18,"column":1}},"1":{"start":{"line":4,"column":17},"end":{"line":4,"column":19}},"2":{"start":{"line":5,"column":4},"end":{"line":7,"column":null}},"3":{"start":{"line":6,"column":8},"end":{"line":6,"column":null}},"4":{"start":{"line":8,"column":4},"end":{"line":10,"column":null}},"5":{"start":{"line":9,"column":8},"end":{"line":9,"column":null}},"6":{"start":{"line":11,"column":4},"end":{"line":13,"column":null}},"7":{"start":{"line":12,"column":8},"end":{"line":12,"column":27}},"8":{"start":{"line":14,"column":4},"end":{"line":16,"column":null}},"9":{"start":{"line":15,"column":8},"end":{"line":15,"column":28}},"10":{"start":{"line":17,"column":4},"end":{"line":17,"column":20}},"11":{"start":{"line":3,"column":12},"end":{"line":3,"column":25}}},"fnMap":{"0":{"name":"(anonymous_0)","decl":{"start":{"line":3,"column":25},"end":{"line":3,"column":26}},"loc":{"start":{"line":3,"column":96},"end":{"line":18,"column":1}}}},"branchMap":{"0":{"loc":{"start":{"line":5,"column":4},"end":{"line":7,"column":null}},"type":"if","locations":[{"start":{"line":5,"column":4},"end":{"line":7,"column":null}}]},"1":{"loc":{"start":{"line":5,"column":8},"end":{"line":5,"column":19}},"type":"cond-expr","locations":[{"start":{"line":5,"column":11},"end":{"line":5,"column":13}},{"start":{"line":5,"column":8},"end":{"line":5,"column":19}}]},"2":{"loc":{"start":{"line":5,"column":8},"end":{"line":5,"column":13}},"type":"binary-expr","locations":[{"start":{"line":5,"column":8},"end":{"line":5,"column":13}},{"start":{"line":5,"column":8},"end":{"line":5,"column":13}}]},"3":{"loc":{"start":{"line":8,"column":4},"end":{"line":10,"column":null}},"type":"if","locations":[{"start":{"line":8,"column":4},"end":{"line":10,"column":null}}]},"4":{"loc":{"start":{"line":8,"column":8},"end":{"line":8,"column":20}},"type":"cond-expr","locations":[{"start":{"line":8,"column":12},"end":{"line":8,"column":14}},{"start":{"line":8,"column":8},"end":{"line":8,"column":20}}]},"5":{"loc":{"start":{"line":8,"column":8},"end":{"line":8,"column":14}},"type":"binary-expr","locations":[{"start":{"line":8,"column":8},"end":{"line":8,"column":14}},{"start":{"line":8,"column":8},"end":{"line":8,"column":14}}]},"6":{"loc":{"start":{"line":11,"column":4},"end":{"line":13,"column":null}},"type":"if","locations":[{"start":{"line":11,"column":4},"end":{"line":13,"column":null}}]},"7":{"loc":{"start":{"line":11,"column":8},"end":{"line":11,"column":56}},"type":"binary-expr","locations":[{"start":{"line":11,"column":8},"end":{"line":11,"column":30}},{"start":{"line":11,"column":34},"end":{"line":11,"column":56}}]},"8":{"loc":{"start":{"line":11,"column":8},"end":{"line":11,"column":16}},"type":"cond-expr","locations":[{"start":{"line":11,"column":11},"end":{"line":11,"column":13}},{"start":{"line":11,"column":8},"end":{"line":11,"column":16}}]},"9":{"loc":{"start":{"line":11,"column":8},"end":{"line":11,"column":13}},"type":"binary-expr","locations":[{"start":{"line":11,"column":8},"end":{"line":11,"column":13}},{"start":{"line":11,"column":8},"end":{"line":11,"column":13}}]},"10":{"loc":{"start":{"line":11,"column":34},"end":{"line":11,"column":43}},"type":"cond-expr","locations":[{"start":{"line":11,"column":37},"end":{"line":11,"column":39}},{"start":{"line":11,"column":34},"end":{"line":11,"column":43}}]},"11":{"loc":{"start":{"line":11,"column":34},"end":{"line":11,"column":39}},"type":"binary-expr","locations":[{"start":{"line":11,"column":34},"end":{"line":11,"column":39}},{"start":{"line":11,"column":34},"end":{"line":11,"column":39}}]},"12":{"loc":{"start":{"line":14,"column":4},"end":{"line":16,"column":null}},"type":"if","locations":[{"start":{"line":14,"column":4},"end":{"line":16,"column":null}}]},"13":{"loc":{"start":{"line":14,"column":8},"end":{"line":14,"column":91}},"type":"binary-expr","locations":[{"start":{"line":14,"column":8},"end":{"line":14,"column":32}},{"start":{"line":14,"column":36},"end":{"line":14,"column":62}},{"start":{"line":14,"column":66},"end":{"line":14,"column":91}}]},"14":{"loc":{"start":{"line":14,"column":8},"end":{"line":14,"column":18}},"type":"cond-expr","locations":[{"start":{"line":14,"column":12},"end":{"line":14,"column":14}},{"start":{"line":14,"column":8},"end":{"line":14,"column":18}}]},"15":{"loc":{"start":{"line":14,"column":8},"end":{"line":14,"column":14}},"type":"binary-expr","locations":[{"start":{"line":14,"column":8},"end":{"line":14,"column":14}},{"start":{"line":14,"column":8},"end":{"line":14,"column":14}}]},"16":{"loc":{"start":{"line":14,"column":36},"end":{"line":14,"column":49}},"type":"cond-expr","locations":[{"start":{"line":14,"column":40},"end":{"line":14,"column":42}},{"start":{"line":14,"column":36},"end":{"line":14,"column":49}}]},"17":{"loc":{"start":{"line":14,"column":36},"end":{"line":14,"column":42}},"type":"binary-expr","locations":[{"start":{"line":14,"column":36},"end":{"line":14,"column":42}},{"start":{"line":14,"column":36},"end":{"line":14,"column":42}}]},"18":{"loc":{"start":{"line":14,"column":66},"end":{"line":14,"column":78}},"type":"cond-expr","locations":[{"start":{"line":14,"column":70},"end":{"line":14,"column":72}},{"start":{"line":14,"column":66},"end":{"line":14,"column":78}}]},"19":{"loc":{"start":{"line":14,"column":66},"end":{"line":14,"column":72}},"type":"binary-expr","locations":[{"start":{"line":14,"column":66},"end":{"line":14,"column":72}},{"start":{"line":14,"column":66},"end":{"line":14,"column":72}}]}},"s":{"0":1,"1":5,"2":5,"3":4,"4":5,"5":3,"6":5,"7":2,"8":5,"9":1,"10":5,"11":1},"f":{"0":5},"b":{"0":[4],"1":[1,4],"2":[5,5],"3":[3],"4":[2,3],"5":[5,5],"6":[2],"7":[5,3],"8":[3,2],"9":[5,5],"10":[3,0],"11":[3,3],"12":[1],"13":[5,4,4],"14":[4,1],"15":[5,5],"16":[4,0],"17":[4,4],"18":[4,0],"19":[4,4]}}
,"C:\\Users\\Admin\\Desktop\\type6\\src\\LuyenTap3\\index2\\index2.js": {"path":"C:\\Users\\Admin\\Desktop\\type6\\src\\LuyenTap3\\index2\\index2.js","statementMap":{"0":{"start":{"line":2,"column":0},"end":{"line":2,"column":26}},"1":{"start":{"line":3,"column":0},"end":{"line":3,"column":28}},"2":{"start":{"line":4,"column":17},"end":{"line":22,"column":1}},"3":{"start":{"line":5,"column":19},"end":{"line":5,"column":21}},"4":{"start":{"line":6,"column":4},"end":{"line":20,"column":7}},"5":{"start":{"line":7,"column":20},"end":{"line":7,"column":21}},"6":{"start":{"line":8,"column":8},"end":{"line":12,"column":9}},"7":{"start":{"line":8,"column":21},"end":{"line":8,"column":27}},"8":{"start":{"line":9,"column":12},"end":{"line":11,"column":13}},"9":{"start":{"line":10,"column":16},"end":{"line":10,"column":24}},"10":{"start":{"line":13,"column":8},"end":{"line":19,"column":9}},"11":{"start":{"line":14,"column":20},"end":{"line":17,"column":13}},"12":{"start":{"line":18,"column":12},"end":{"line":18,"column":29}},"13":{"start":{"line":21,"column":4},"end":{"line":21,"column":20}},"14":{"start":{"line":23,"column":0},"end":{"line":23,"column":32}}},"fnMap":{"0":{"name":"(anonymous_0)","decl":{"start":{"line":4,"column":17},"end":{"line":4,"column":18}},"loc":{"start":{"line":4,"column":34},"end":{"line":22,"column":1}},"line":4},"1":{"name":"(anonymous_1)","decl":{"start":{"line":6,"column":18},"end":{"line":6,"column":19}},"loc":{"start":{"line":6,"column":44},"end":{"line":20,"column":5}},"line":6}},"branchMap":{"0":{"loc":{"start":{"line":9,"column":12},"end":{"line":11,"column":13}},"type":"if","locations":[{"start":{"line":9,"column":12},"end":{"line":11,"column":13}},{"start":{},"end":{}}],"line":9},"1":{"loc":{"start":{"line":13,"column":8},"end":{"line":19,"column":9}},"type":"if","locations":[{"start":{"line":13,"column":8},"end":{"line":19,"column":9}},{"start":{},"end":{}}],"line":13}},"s":{"0":2,"1":2,"2":2,"3":6,"4":6,"5":84,"6":84,"7":84,"8":630,"9":84,"10":84,"11":20,"12":20,"13":6,"14":2},"f":{"0":6,"1":84},"b":{"0":[84,546],"1":[20,64]},"inputSourceMap":null,"_coverageSchema":"1a1c01bbd47fc00a2c39e90264f33305004495a9","hash":"98e521a02704b4179ae2d714685d56618db8e97f"}
,"C:\\Users\\Admin\\Desktop\\type6\\src\\LuyenTap4\\fi\\fi.ts": {"path":"C:\\Users\\Admin\\Desktop\\type6\\src\\LuyenTap4\\fi\\fi.ts","statementMap":{"0":{"start":{"line":1,"column":15},"end":{"line":10,"column":1}},"1":{"start":{"line":2,"column":4},"end":{"line":4,"column":null}},"2":{"start":{"line":3,"column":8},"end":{"line":3,"column":27}},"3":{"start":{"line":5,"column":4},"end":{"line":6,"column":26}},"4":{"start":{"line":6,"column":8},"end":{"line":6,"column":26}},"5":{"start":{"line":7,"column":4},"end":{"line":9,"column":null}},"6":{"start":{"line":8,"column":8},"end":{"line":8,"column":null}},"7":{"start":{"line":1,"column":11},"end":{"line":1,"column":15}}},"fnMap":{"0":{"name":"(anonymous_0)","decl":{"start":{"line":1,"column":15},"end":{"line":1,"column":16}},"loc":{"start":{"line":1,"column":37},"end":{"line":10,"column":1}}}},"branchMap":{"0":{"loc":{"start":{"line":2,"column":4},"end":{"line":4,"column":null}},"type":"if","locations":[{"start":{"line":2,"column":4},"end":{"line":4,"column":null}}]},"1":{"loc":{"start":{"line":5,"column":4},"end":{"line":6,"column":26}},"type":"if","locations":[{"start":{"line":5,"column":4},"end":{"line":6,"column":26}}]},"2":{"loc":{"start":{"line":7,"column":4},"end":{"line":9,"column":null}},"type":"if","locations":[{"start":{"line":7,"column":4},"end":{"line":9,"column":null}}]}},"s":{"0":1,"1":8,"2":2,"3":6,"4":3,"5":3,"6":3,"7":1},"f":{"0":8},"b":{"0":[2],"1":[3],"2":[3]}}
,"C:\\Users\\Admin\\Desktop\\type6\\src\\type5\\test\\index.ts": {"path":"C:\\Users\\Admin\\Desktop\\type6\\src\\type5\\test\\index.ts","statementMap":{"0":{"start":{"line":2,"column":4},"end":{"line":2,"column":17}},"1":{"start":{"line":1,"column":0},"end":{"line":1,"column":16}}},"fnMap":{"0":{"name":"abc","decl":{"start":{"line":1,"column":16},"end":{"line":1,"column":19}},"loc":{"start":{"line":1,"column":37},"end":{"line":3,"column":1}}}},"branchMap":{},"s":{"0":2,"1":1},"f":{"0":2},"b":{}}
}
