TN:
SF:src\LuyenTap\main.ts
FN:1,(anonymous_0)
FNF:1
FNH:1
FNDA:8,(anonymous_0)
DA:1,1
DA:2,8
DA:3,2
DA:5,6
DA:6,3
DA:7,3
DA:8,3
LF:7
LH:7
BRDA:2,0,0,2
BRDA:5,1,0,3
BRDA:7,2,0,3
BRF:3
BRH:3
end_of_record
TN:
SF:src\LuyenTap2\test_src\index.ts
FN:3,(anonymous_0)
FNF:1
FNH:1
FNDA:5,(anonymous_0)
DA:3,1
DA:4,5
DA:5,5
DA:6,4
DA:8,5
DA:9,3
DA:11,5
DA:12,2
DA:14,5
DA:15,1
DA:17,5
LF:11
LH:11
BRDA:5,0,0,4
BRDA:5,1,0,1
BRDA:5,1,1,4
BRDA:5,2,0,5
BRDA:5,2,1,5
BRDA:8,3,0,3
BRDA:8,4,0,2
BRDA:8,4,1,3
BRDA:8,5,0,5
BRDA:8,5,1,5
BRDA:11,6,0,2
BRDA:11,7,0,5
BRDA:11,7,1,3
BRDA:11,8,0,3
BRDA:11,8,1,2
BRDA:11,9,0,5
BRDA:11,9,1,5
BRDA:11,10,0,3
BRDA:11,10,1,0
BRDA:11,11,0,3
BRDA:11,11,1,3
BRDA:14,12,0,1
BRDA:14,13,0,5
BRDA:14,13,1,4
BRDA:14,13,2,4
BRDA:14,14,0,4
BRDA:14,14,1,1
BRDA:14,15,0,5
BRDA:14,15,1,5
BRDA:14,16,0,4
BRDA:14,16,1,0
BRDA:14,17,0,4
BRDA:14,17,1,4
BRDA:14,18,0,4
BRDA:14,18,1,0
BRDA:14,19,0,4
BRDA:14,19,1,4
BRF:37
BRH:34
end_of_record
TN:
SF:src\LuyenTap3\index2\index2.js
FN:4,(anonymous_0)
FN:6,(anonymous_1)
FNF:2
FNH:2
FNDA:6,(anonymous_0)
FNDA:84,(anonymous_1)
DA:2,2
DA:3,2
DA:4,2
DA:5,6
DA:6,6
DA:7,84
DA:8,84
DA:9,630
DA:10,84
DA:13,84
DA:14,20
DA:18,20
DA:21,6
DA:23,2
LF:14
LH:14
BRDA:9,0,0,84
BRDA:9,0,1,546
BRDA:13,1,0,20
BRDA:13,1,1,64
BRF:4
BRH:4
end_of_record
TN:
SF:src\LuyenTap4\fi\fi.ts
FN:1,(anonymous_0)
FNF:1
FNH:1
FNDA:8,(anonymous_0)
DA:1,1
DA:2,8
DA:3,2
DA:5,6
DA:6,3
DA:7,3
DA:8,3
LF:7
LH:7
BRDA:2,0,0,2
BRDA:5,1,0,3
BRDA:7,2,0,3
BRF:3
BRH:3
end_of_record
TN:
SF:src\type5\test\index.ts
FN:1,abc
FNF:1
FNH:1
FNDA:2,abc
DA:1,1
DA:2,2
LF:2
LH:2
BRF:0
BRH:0
end_of_record
